{
  "stats": {
    "suites": 3,
    "tests": 4,
    "passes": 4,
    "pending": 0,
    "failures": 0,
    "start": "2022-08-19T16:00:06.503Z",
    "end": "2022-08-19T16:00:52.036Z",
    "duration": 24176,
    "testsRegistered": 4,
    "passPercent": 100,
    "pendingPercent": 0,
    "other": 0,
    "hasOther": false,
    "skipped": 0,
    "hasSkipped": false
  },
  "results": [
    {
      "uuid": "ab5dba1e-7c73-482f-83f9-0f7aa70caef5",
      "title": "",
      "fullFile": "cypress\\e2e\\shoppingCart\\buyProduct.cy.js",
      "file": "cypress\\e2e\\shoppingCart\\buyProduct.cy.js",
      "beforeHooks": [],
      "afterHooks": [],
      "tests": [],
      "suites": [
        {
          "uuid": "5ea88fbc-ea45-4b8e-9c8f-c2e4a6b364a0",
          "title": "verify you can comple the buy process",
          "fullFile": "",
          "file": "",
          "beforeHooks": [],
          "afterHooks": [],
          "tests": [
            {
              "title": "will add a product to shopping cart and complete the process",
              "fullTitle": "verify you can comple the buy process will add a product to shopping cart and complete the process",
              "timedOut": null,
              "duration": 6289,
              "state": "passed",
              "speed": "medium",
              "pass": true,
              "fail": false,
              "pending": false,
              "context": null,
              "code": "cy.addProductToCart(0);\ncy.goToShoppingCart();\ncy.buyProduct();",
              "err": {},
              "uuid": "2fcecfbc-5c23-48ec-99f1-dd25d9abcf94",
              "parentUUID": "5ea88fbc-ea45-4b8e-9c8f-c2e4a6b364a0",
              "isHook": false,
              "skipped": false
            }
          ],
          "suites": [],
          "passes": [
            "2fcecfbc-5c23-48ec-99f1-dd25d9abcf94"
          ],
          "failures": [],
          "pending": [],
          "skipped": [],
          "duration": 6289,
          "root": false,
          "rootEmpty": false,
          "_timeout": 2000
        }
      ],
      "passes": [],
      "failures": [],
      "pending": [],
      "skipped": [],
      "duration": 0,
      "root": true,
      "rootEmpty": true,
      "_timeout": 2000
    },
    {
      "uuid": "fbde2ad4-a5aa-467c-981a-154d3823c451",
      "title": "",
      "fullFile": "cypress\\e2e\\Login\\login.cy.js",
      "file": "cypress\\e2e\\Login\\login.cy.js",
      "beforeHooks": [],
      "afterHooks": [],
      "tests": [],
      "suites": [
        {
          "uuid": "d342caec-8285-4f3f-b736-82abd57a2b6e",
          "title": "Test login credentials",
          "fullFile": "",
          "file": "",
          "beforeHooks": [],
          "afterHooks": [],
          "tests": [
            {
              "title": "should not login with invalid credentials and show promt of invalid user",
              "fullTitle": "Test login credentials should not login with invalid credentials and show promt of invalid user",
              "timedOut": null,
              "duration": 2799,
              "state": "passed",
              "speed": "fast",
              "pass": true,
              "fail": false,
              "pending": false,
              "context": null,
              "code": "cy.login(\"standard_user\", \"secret_\");\ncy.errorLoginPromt();",
              "err": {},
              "uuid": "56814759-20f0-434b-8060-8ec245998588",
              "parentUUID": "d342caec-8285-4f3f-b736-82abd57a2b6e",
              "isHook": false,
              "skipped": false
            },
            {
              "title": "should login with valid credentiales",
              "fullTitle": "Test login credentials should login with valid credentiales",
              "timedOut": null,
              "duration": 2297,
              "state": "passed",
              "speed": "fast",
              "pass": true,
              "fail": false,
              "pending": false,
              "context": null,
              "code": "cy.login(\"standard_user\", \"secret_sauce\");\ncy.verifyUrl(\"https://www.saucedemo.com/inventory.html\");",
              "err": {},
              "uuid": "d378cd38-0567-477f-97c5-5b0c93291330",
              "parentUUID": "d342caec-8285-4f3f-b736-82abd57a2b6e",
              "isHook": false,
              "skipped": false
            }
          ],
          "suites": [],
          "passes": [
            "56814759-20f0-434b-8060-8ec245998588",
            "d378cd38-0567-477f-97c5-5b0c93291330"
          ],
          "failures": [],
          "pending": [],
          "skipped": [],
          "duration": 5096,
          "root": false,
          "rootEmpty": false,
          "_timeout": 2000
        }
      ],
      "passes": [],
      "failures": [],
      "pending": [],
      "skipped": [],
      "duration": 0,
      "root": true,
      "rootEmpty": true,
      "_timeout": 2000
    },
    {
      "uuid": "dcbcdcb3-d596-4028-ab2b-f70e46f67131",
      "title": "",
      "fullFile": "cypress\\e2e\\shoppingCart\\addProductToCart.cy.js",
      "file": "cypress\\e2e\\shoppingCart\\addProductToCart.cy.js",
      "beforeHooks": [],
      "afterHooks": [],
      "tests": [],
      "suites": [
        {
          "uuid": "19e259d5-db48-4943-98ef-9705ba7acf91",
          "title": "verify shopping cart its working correctly",
          "fullFile": "",
          "file": "",
          "beforeHooks": [],
          "afterHooks": [],
          "tests": [
            {
              "title": "will add a product to shopping cart",
              "fullTitle": "verify shopping cart its working correctly will add a product to shopping cart",
              "timedOut": null,
              "duration": 12791,
              "state": "passed",
              "speed": "slow",
              "pass": true,
              "fail": false,
              "pending": false,
              "context": null,
              "code": "cy.addProductToCart(0);\ncy.goToShoppingCart();",
              "err": {},
              "uuid": "a8c0e52d-28d6-49e1-b2e0-f55817ffec69",
              "parentUUID": "19e259d5-db48-4943-98ef-9705ba7acf91",
              "isHook": false,
              "skipped": false
            }
          ],
          "suites": [],
          "passes": [
            "a8c0e52d-28d6-49e1-b2e0-f55817ffec69"
          ],
          "failures": [],
          "pending": [],
          "skipped": [],
          "duration": 12791,
          "root": false,
          "rootEmpty": false,
          "_timeout": 2000
        }
      ],
      "passes": [],
      "failures": [],
      "pending": [],
      "skipped": [],
      "duration": 0,
      "root": true,
      "rootEmpty": true,
      "_timeout": 2000
    }
  ],
  "meta": {
    "mocha": {
      "version": "7.0.1"
    },
    "mochawesome": {
      "options": {
        "quiet": false,
        "reportFilename": "mochawesome",
        "saveHtml": false,
        "saveJson": true,
        "consoleReporter": "spec",
        "useInlineDiffs": false,
        "code": true
      },
      "version": "7.1.3"
    },
    "marge": {
      "options": {
        "video": false,
        "charts": true,
        "overwrite": false,
        "html": false,
        "json": true,
        "reportDir": "cypress/report/mochawesome-report"
      },
      "version": "6.2.0"
    }
  }
}