{
  "stats": {
    "suites": 1,
    "tests": 2,
    "passes": 2,
    "pending": 0,
    "failures": 0,
    "start": "2022-08-19T16:00:46.723Z",
    "end": "2022-08-19T16:00:52.036Z",
    "duration": 5313,
    "testsRegistered": 2,
    "passPercent": 100,
    "pendingPercent": 0,
    "other": 0,
    "hasOther": false,
    "skipped": 0,
    "hasSkipped": false
  },
  "results": [
    {
      "uuid": "fbde2ad4-a5aa-467c-981a-154d3823c451",
      "title": "",
      "fullFile": "cypress\\e2e\\Login\\login.cy.js",
      "file": "cypress\\e2e\\Login\\login.cy.js",
      "beforeHooks": [],
      "afterHooks": [],
      "tests": [],
      "suites": [
        {
          "uuid": "d342caec-8285-4f3f-b736-82abd57a2b6e",
          "title": "Test login credentials",
          "fullFile": "",
          "file": "",
          "beforeHooks": [],
          "afterHooks": [],
          "tests": [
            {
              "title": "should not login with invalid credentials and show promt of invalid user",
              "fullTitle": "Test login credentials should not login with invalid credentials and show promt of invalid user",
              "timedOut": null,
              "duration": 2799,
              "state": "passed",
              "speed": "fast",
              "pass": true,
              "fail": false,
              "pending": false,
              "context": null,
              "code": "cy.login(\"standard_user\", \"secret_\");\ncy.errorLoginPromt();",
              "err": {},
              "uuid": "56814759-20f0-434b-8060-8ec245998588",
              "parentUUID": "d342caec-8285-4f3f-b736-82abd57a2b6e",
              "isHook": false,
              "skipped": false
            },
            {
              "title": "should login with valid credentiales",
              "fullTitle": "Test login credentials should login with valid credentiales",
              "timedOut": null,
              "duration": 2297,
              "state": "passed",
              "speed": "fast",
              "pass": true,
              "fail": false,
              "pending": false,
              "context": null,
              "code": "cy.login(\"standard_user\", \"secret_sauce\");\ncy.verifyUrl(\"https://www.saucedemo.com/inventory.html\");",
              "err": {},
              "uuid": "d378cd38-0567-477f-97c5-5b0c93291330",
              "parentUUID": "d342caec-8285-4f3f-b736-82abd57a2b6e",
              "isHook": false,
              "skipped": false
            }
          ],
          "suites": [],
          "passes": [
            "56814759-20f0-434b-8060-8ec245998588",
            "d378cd38-0567-477f-97c5-5b0c93291330"
          ],
          "failures": [],
          "pending": [],
          "skipped": [],
          "duration": 5096,
          "root": false,
          "rootEmpty": false,
          "_timeout": 2000
        }
      ],
      "passes": [],
      "failures": [],
      "pending": [],
      "skipped": [],
      "duration": 0,
      "root": true,
      "rootEmpty": true,
      "_timeout": 2000
    }
  ],
  "meta": {
    "mocha": {
      "version": "7.0.1"
    },
    "mochawesome": {
      "options": {
        "quiet": false,
        "reportFilename": "mochawesome",
        "saveHtml": false,
        "saveJson": true,
        "consoleReporter": "spec",
        "useInlineDiffs": false,
        "code": true
      },
      "version": "7.1.3"
    },
    "marge": {
      "options": {
        "video": false,
        "charts": true,
        "overwrite": false,
        "html": false,
        "json": true,
        "reportDir": "cypress/report/mochawesome-report"
      },
      "version": "6.2.0"
    }
  }
}