{
  "stats": {
    "suites": 1,
    "tests": 1,
    "passes": 1,
    "pending": 0,
    "failures": 0,
    "start": "2022-08-19T16:00:31.787Z",
    "end": "2022-08-19T16:00:38.355Z",
    "duration": 6568,
    "testsRegistered": 1,
    "passPercent": 100,
    "pendingPercent": 0,
    "other": 0,
    "hasOther": false,
    "skipped": 0,
    "hasSkipped": false
  },
  "results": [
    {
      "uuid": "ab5dba1e-7c73-482f-83f9-0f7aa70caef5",
      "title": "",
      "fullFile": "cypress\\e2e\\shoppingCart\\buyProduct.cy.js",
      "file": "cypress\\e2e\\shoppingCart\\buyProduct.cy.js",
      "beforeHooks": [],
      "afterHooks": [],
      "tests": [],
      "suites": [
        {
          "uuid": "5ea88fbc-ea45-4b8e-9c8f-c2e4a6b364a0",
          "title": "verify you can comple the buy process",
          "fullFile": "",
          "file": "",
          "beforeHooks": [],
          "afterHooks": [],
          "tests": [
            {
              "title": "will add a product to shopping cart and complete the process",
              "fullTitle": "verify you can comple the buy process will add a product to shopping cart and complete the process",
              "timedOut": null,
              "duration": 6289,
              "state": "passed",
              "speed": "medium",
              "pass": true,
              "fail": false,
              "pending": false,
              "context": null,
              "code": "cy.addProductToCart(0);\ncy.goToShoppingCart();\ncy.buyProduct();",
              "err": {},
              "uuid": "2fcecfbc-5c23-48ec-99f1-dd25d9abcf94",
              "parentUUID": "5ea88fbc-ea45-4b8e-9c8f-c2e4a6b364a0",
              "isHook": false,
              "skipped": false
            }
          ],
          "suites": [],
          "passes": [
            "2fcecfbc-5c23-48ec-99f1-dd25d9abcf94"
          ],
          "failures": [],
          "pending": [],
          "skipped": [],
          "duration": 6289,
          "root": false,
          "rootEmpty": false,
          "_timeout": 2000
        }
      ],
      "passes": [],
      "failures": [],
      "pending": [],
      "skipped": [],
      "duration": 0,
      "root": true,
      "rootEmpty": true,
      "_timeout": 2000
    }
  ],
  "meta": {
    "mocha": {
      "version": "7.0.1"
    },
    "mochawesome": {
      "options": {
        "quiet": false,
        "reportFilename": "mochawesome",
        "saveHtml": false,
        "saveJson": true,
        "consoleReporter": "spec",
        "useInlineDiffs": false,
        "code": true
      },
      "version": "7.1.3"
    },
    "marge": {
      "options": {
        "video": false,
        "charts": true,
        "overwrite": false,
        "html": false,
        "json": true,
        "reportDir": "cypress/report/mochawesome-report"
      },
      "version": "6.2.0"
    }
  }
}