{
  "stats": {
    "suites": 1,
    "tests": 1,
    "passes": 1,
    "pending": 0,
    "failures": 0,
    "start": "2022-08-19T16:00:06.503Z",
    "end": "2022-08-19T16:00:19.553Z",
    "duration": 13050,
    "testsRegistered": 1,
    "passPercent": 100,
    "pendingPercent": 0,
    "other": 0,
    "hasOther": false,
    "skipped": 0,
    "hasSkipped": false
  },
  "results": [
    {
      "uuid": "dcbcdcb3-d596-4028-ab2b-f70e46f67131",
      "title": "",
      "fullFile": "cypress\\e2e\\shoppingCart\\addProductToCart.cy.js",
      "file": "cypress\\e2e\\shoppingCart\\addProductToCart.cy.js",
      "beforeHooks": [],
      "afterHooks": [],
      "tests": [],
      "suites": [
        {
          "uuid": "19e259d5-db48-4943-98ef-9705ba7acf91",
          "title": "verify shopping cart its working correctly",
          "fullFile": "",
          "file": "",
          "beforeHooks": [],
          "afterHooks": [],
          "tests": [
            {
              "title": "will add a product to shopping cart",
              "fullTitle": "verify shopping cart its working correctly will add a product to shopping cart",
              "timedOut": null,
              "duration": 12791,
              "state": "passed",
              "speed": "slow",
              "pass": true,
              "fail": false,
              "pending": false,
              "context": null,
              "code": "cy.addProductToCart(0);\ncy.goToShoppingCart();",
              "err": {},
              "uuid": "a8c0e52d-28d6-49e1-b2e0-f55817ffec69",
              "parentUUID": "19e259d5-db48-4943-98ef-9705ba7acf91",
              "isHook": false,
              "skipped": false
            }
          ],
          "suites": [],
          "passes": [
            "a8c0e52d-28d6-49e1-b2e0-f55817ffec69"
          ],
          "failures": [],
          "pending": [],
          "skipped": [],
          "duration": 12791,
          "root": false,
          "rootEmpty": false,
          "_timeout": 2000
        }
      ],
      "passes": [],
      "failures": [],
      "pending": [],
      "skipped": [],
      "duration": 0,
      "root": true,
      "rootEmpty": true,
      "_timeout": 2000
    }
  ],
  "meta": {
    "mocha": {
      "version": "7.0.1"
    },
    "mochawesome": {
      "options": {
        "quiet": false,
        "reportFilename": "mochawesome",
        "saveHtml": false,
        "saveJson": true,
        "consoleReporter": "spec",
        "useInlineDiffs": false,
        "code": true
      },
      "version": "7.1.3"
    },
    "marge": {
      "options": {
        "video": false,
        "charts": true,
        "overwrite": false,
        "html": false,
        "json": true,
        "reportDir": "cypress/report/mochawesome-report"
      },
      "version": "6.2.0"
    }
  }
}